<?xml version="1.0" encoding="UTF-8"?>
<testsuite xmlns:xsi="http://www.w3.org/2001/XMLSchema-instance" xsi:noNamespaceSchemaLocation="https://maven.apache.org/surefire/maven-surefire-plugin/xsd/surefire-test-report.xsd" name="com.xu.helloworld.HelloworldApplicationTests" time="1.804" tests="1" errors="0" skipped="0" failures="0">
  <properties>
    <property name="sun.desktop" value="windows"/>
    <property name="awt.toolkit" value="sun.awt.windows.WToolkit"/>
    <property name="java.specification.version" value="11"/>
    <property name="sun.cpu.isalist" value="amd64"/>
    <property name="sun.jnu.encoding" value="GBK"/>
    <property name="java.class.path" value="D:\写的程序\java项目\springBoot_demo\helloworld\target\test-classes;D:\写的程序\java项目\springBoot_demo\helloworld\target\classes;D:\localRep\org\springframework\boot\spring-boot-starter-web\2.5.2\spring-boot-starter-web-2.5.2.jar;D:\localRep\org\springframework\boot\spring-boot-starter\2.5.2\spring-boot-starter-2.5.2.jar;D:\localRep\org\springframework\boot\spring-boot\2.5.2\spring-boot-2.5.2.jar;D:\localRep\org\springframework\boot\spring-boot-autoconfigure\2.5.2\spring-boot-autoconfigure-2.5.2.jar;D:\localRep\org\springframework\boot\spring-boot-starter-logging\2.5.2\spring-boot-starter-logging-2.5.2.jar;D:\localRep\ch\qos\logback\logback-classic\1.2.3\logback-classic-1.2.3.jar;D:\localRep\ch\qos\logback\logback-core\1.2.3\logback-core-1.2.3.jar;D:\localRep\org\apache\logging\log4j\log4j-to-slf4j\2.14.1\log4j-to-slf4j-2.14.1.jar;D:\localRep\org\apache\logging\log4j\log4j-api\2.14.1\log4j-api-2.14.1.jar;D:\localRep\org\slf4j\jul-to-slf4j\1.7.31\jul-to-slf4j-1.7.31.jar;D:\localRep\jakarta\annotation\jakarta.annotation-api\1.3.5\jakarta.annotation-api-1.3.5.jar;D:\localRep\org\yaml\snakeyaml\1.28\snakeyaml-1.28.jar;D:\localRep\org\springframework\boot\spring-boot-starter-json\2.5.2\spring-boot-starter-json-2.5.2.jar;D:\localRep\com\fasterxml\jackson\core\jackson-databind\2.12.3\jackson-databind-2.12.3.jar;D:\localRep\com\fasterxml\jackson\core\jackson-annotations\2.12.3\jackson-annotations-2.12.3.jar;D:\localRep\com\fasterxml\jackson\core\jackson-core\2.12.3\jackson-core-2.12.3.jar;D:\localRep\com\fasterxml\jackson\datatype\jackson-datatype-jdk8\2.12.3\jackson-datatype-jdk8-2.12.3.jar;D:\localRep\com\fasterxml\jackson\datatype\jackson-datatype-jsr310\2.12.3\jackson-datatype-jsr310-2.12.3.jar;D:\localRep\com\fasterxml\jackson\module\jackson-module-parameter-names\2.12.3\jackson-module-parameter-names-2.12.3.jar;D:\localRep\org\springframework\boot\spring-boot-starter-tomcat\2.5.2\spring-boot-starter-tomcat-2.5.2.jar;D:\localRep\org\apache\tomcat\embed\tomcat-embed-core\9.0.48\tomcat-embed-core-9.0.48.jar;D:\localRep\org\apache\tomcat\embed\tomcat-embed-el\9.0.48\tomcat-embed-el-9.0.48.jar;D:\localRep\org\apache\tomcat\embed\tomcat-embed-websocket\9.0.48\tomcat-embed-websocket-9.0.48.jar;D:\localRep\org\springframework\spring-web\5.3.8\spring-web-5.3.8.jar;D:\localRep\org\springframework\spring-beans\5.3.8\spring-beans-5.3.8.jar;D:\localRep\org\springframework\spring-webmvc\5.3.8\spring-webmvc-5.3.8.jar;D:\localRep\org\springframework\spring-aop\5.3.8\spring-aop-5.3.8.jar;D:\localRep\org\springframework\spring-context\5.3.8\spring-context-5.3.8.jar;D:\localRep\org\springframework\spring-expression\5.3.8\spring-expression-5.3.8.jar;D:\localRep\org\springframework\boot\spring-boot-starter-test\2.5.2\spring-boot-starter-test-2.5.2.jar;D:\localRep\org\springframework\boot\spring-boot-test\2.5.2\spring-boot-test-2.5.2.jar;D:\localRep\org\springframework\boot\spring-boot-test-autoconfigure\2.5.2\spring-boot-test-autoconfigure-2.5.2.jar;D:\localRep\com\jayway\jsonpath\json-path\2.5.0\json-path-2.5.0.jar;D:\localRep\net\minidev\json-smart\2.4.7\json-smart-2.4.7.jar;D:\localRep\net\minidev\accessors-smart\2.4.7\accessors-smart-2.4.7.jar;D:\localRep\org\ow2\asm\asm\9.1\asm-9.1.jar;D:\localRep\org\slf4j\slf4j-api\1.7.31\slf4j-api-1.7.31.jar;D:\localRep\jakarta\xml\bind\jakarta.xml.bind-api\2.3.3\jakarta.xml.bind-api-2.3.3.jar;D:\localRep\jakarta\activation\jakarta.activation-api\1.2.2\jakarta.activation-api-1.2.2.jar;D:\localRep\org\assertj\assertj-core\3.19.0\assertj-core-3.19.0.jar;D:\localRep\org\hamcrest\hamcrest\2.2\hamcrest-2.2.jar;D:\localRep\org\junit\jupiter\junit-jupiter\5.7.2\junit-jupiter-5.7.2.jar;D:\localRep\org\junit\jupiter\junit-jupiter-api\5.7.2\junit-jupiter-api-5.7.2.jar;D:\localRep\org\apiguardian\apiguardian-api\1.1.0\apiguardian-api-1.1.0.jar;D:\localRep\org\opentest4j\opentest4j\1.2.0\opentest4j-1.2.0.jar;D:\localRep\org\junit\platform\junit-platform-commons\1.7.2\junit-platform-commons-1.7.2.jar;D:\localRep\org\junit\jupiter\junit-jupiter-params\5.7.2\junit-jupiter-params-5.7.2.jar;D:\localRep\org\junit\jupiter\junit-jupiter-engine\5.7.2\junit-jupiter-engine-5.7.2.jar;D:\localRep\org\junit\platform\junit-platform-engine\1.7.2\junit-platform-engine-1.7.2.jar;D:\localRep\org\mockito\mockito-core\3.9.0\mockito-core-3.9.0.jar;D:\localRep\net\bytebuddy\byte-buddy\1.10.22\byte-buddy-1.10.22.jar;D:\localRep\net\bytebuddy\byte-buddy-agent\1.10.22\byte-buddy-agent-1.10.22.jar;D:\localRep\org\objenesis\objenesis\3.2\objenesis-3.2.jar;D:\localRep\org\mockito\mockito-junit-jupiter\3.9.0\mockito-junit-jupiter-3.9.0.jar;D:\localRep\org\skyscreamer\jsonassert\1.5.0\jsonassert-1.5.0.jar;D:\localRep\com\vaadin\external\google\android-json\0.0.20131108.vaadin1\android-json-0.0.20131108.vaadin1.jar;D:\localRep\org\springframework\spring-core\5.3.8\spring-core-5.3.8.jar;D:\localRep\org\springframework\spring-jcl\5.3.8\spring-jcl-5.3.8.jar;D:\localRep\org\springframework\spring-test\5.3.8\spring-test-5.3.8.jar;D:\localRep\org\xmlunit\xmlunit-core\2.8.2\xmlunit-core-2.8.2.jar;"/>
    <property name="java.vm.vendor" value="Oracle Corporation"/>
    <property name="sun.arch.data.model" value="64"/>
    <property name="user.variant" value=""/>
    <property name="java.vendor.url" value="https://openjdk.java.net/"/>
    <property name="user.timezone" value="Asia/Shanghai"/>
    <property name="java.vm.specification.version" value="11"/>
    <property name="os.name" value="Windows 10"/>
    <property name="sun.java.launcher" value="SUN_STANDARD"/>
    <property name="user.country" value="CN"/>
    <property name="sun.boot.library.path" value="D:\Program Files\Java\jdk-11.0.11\bin"/>
    <property name="sun.java.command" value="C:\Users\xzh\AppData\Local\Temp\surefire17816448236033782481\surefirebooter13935020375904132651.jar C:\Users\xzh\AppData\Local\Temp\surefire17816448236033782481 2021-06-28T15-55-45_343-jvmRun1 surefire12109642193910340284tmp surefire_013410628980665898368tmp"/>
    <property name="jdk.debug" value="release"/>
    <property name="surefire.test.class.path" value="D:\写的程序\java项目\springBoot_demo\helloworld\target\test-classes;D:\写的程序\java项目\springBoot_demo\helloworld\target\classes;D:\localRep\org\springframework\boot\spring-boot-starter-web\2.5.2\spring-boot-starter-web-2.5.2.jar;D:\localRep\org\springframework\boot\spring-boot-starter\2.5.2\spring-boot-starter-2.5.2.jar;D:\localRep\org\springframework\boot\spring-boot\2.5.2\spring-boot-2.5.2.jar;D:\localRep\org\springframework\boot\spring-boot-autoconfigure\2.5.2\spring-boot-autoconfigure-2.5.2.jar;D:\localRep\org\springframework\boot\spring-boot-starter-logging\2.5.2\spring-boot-starter-logging-2.5.2.jar;D:\localRep\ch\qos\logback\logback-classic\1.2.3\logback-classic-1.2.3.jar;D:\localRep\ch\qos\logback\logback-core\1.2.3\logback-core-1.2.3.jar;D:\localRep\org\apache\logging\log4j\log4j-to-slf4j\2.14.1\log4j-to-slf4j-2.14.1.jar;D:\localRep\org\apache\logging\log4j\log4j-api\2.14.1\log4j-api-2.14.1.jar;D:\localRep\org\slf4j\jul-to-slf4j\1.7.31\jul-to-slf4j-1.7.31.jar;D:\localRep\jakarta\annotation\jakarta.annotation-api\1.3.5\jakarta.annotation-api-1.3.5.jar;D:\localRep\org\yaml\snakeyaml\1.28\snakeyaml-1.28.jar;D:\localRep\org\springframework\boot\spring-boot-starter-json\2.5.2\spring-boot-starter-json-2.5.2.jar;D:\localRep\com\fasterxml\jackson\core\jackson-databind\2.12.3\jackson-databind-2.12.3.jar;D:\localRep\com\fasterxml\jackson\core\jackson-annotations\2.12.3\jackson-annotations-2.12.3.jar;D:\localRep\com\fasterxml\jackson\core\jackson-core\2.12.3\jackson-core-2.12.3.jar;D:\localRep\com\fasterxml\jackson\datatype\jackson-datatype-jdk8\2.12.3\jackson-datatype-jdk8-2.12.3.jar;D:\localRep\com\fasterxml\jackson\datatype\jackson-datatype-jsr310\2.12.3\jackson-datatype-jsr310-2.12.3.jar;D:\localRep\com\fasterxml\jackson\module\jackson-module-parameter-names\2.12.3\jackson-module-parameter-names-2.12.3.jar;D:\localRep\org\springframework\boot\spring-boot-starter-tomcat\2.5.2\spring-boot-starter-tomcat-2.5.2.jar;D:\localRep\org\apache\tomcat\embed\tomcat-embed-core\9.0.48\tomcat-embed-core-9.0.48.jar;D:\localRep\org\apache\tomcat\embed\tomcat-embed-el\9.0.48\tomcat-embed-el-9.0.48.jar;D:\localRep\org\apache\tomcat\embed\tomcat-embed-websocket\9.0.48\tomcat-embed-websocket-9.0.48.jar;D:\localRep\org\springframework\spring-web\5.3.8\spring-web-5.3.8.jar;D:\localRep\org\springframework\spring-beans\5.3.8\spring-beans-5.3.8.jar;D:\localRep\org\springframework\spring-webmvc\5.3.8\spring-webmvc-5.3.8.jar;D:\localRep\org\springframework\spring-aop\5.3.8\spring-aop-5.3.8.jar;D:\localRep\org\springframework\spring-context\5.3.8\spring-context-5.3.8.jar;D:\localRep\org\springframework\spring-expression\5.3.8\spring-expression-5.3.8.jar;D:\localRep\org\springframework\boot\spring-boot-starter-test\2.5.2\spring-boot-starter-test-2.5.2.jar;D:\localRep\org\springframework\boot\spring-boot-test\2.5.2\spring-boot-test-2.5.2.jar;D:\localRep\org\springframework\boot\spring-boot-test-autoconfigure\2.5.2\spring-boot-test-autoconfigure-2.5.2.jar;D:\localRep\com\jayway\jsonpath\json-path\2.5.0\json-path-2.5.0.jar;D:\localRep\net\minidev\json-smart\2.4.7\json-smart-2.4.7.jar;D:\localRep\net\minidev\accessors-smart\2.4.7\accessors-smart-2.4.7.jar;D:\localRep\org\ow2\asm\asm\9.1\asm-9.1.jar;D:\localRep\org\slf4j\slf4j-api\1.7.31\slf4j-api-1.7.31.jar;D:\localRep\jakarta\xml\bind\jakarta.xml.bind-api\2.3.3\jakarta.xml.bind-api-2.3.3.jar;D:\localRep\jakarta\activation\jakarta.activation-api\1.2.2\jakarta.activation-api-1.2.2.jar;D:\localRep\org\assertj\assertj-core\3.19.0\assertj-core-3.19.0.jar;D:\localRep\org\hamcrest\hamcrest\2.2\hamcrest-2.2.jar;D:\localRep\org\junit\jupiter\junit-jupiter\5.7.2\junit-jupiter-5.7.2.jar;D:\localRep\org\junit\jupiter\junit-jupiter-api\5.7.2\junit-jupiter-api-5.7.2.jar;D:\localRep\org\apiguardian\apiguardian-api\1.1.0\apiguardian-api-1.1.0.jar;D:\localRep\org\opentest4j\opentest4j\1.2.0\opentest4j-1.2.0.jar;D:\localRep\org\junit\platform\junit-platform-commons\1.7.2\junit-platform-commons-1.7.2.jar;D:\localRep\org\junit\jupiter\junit-jupiter-params\5.7.2\junit-jupiter-params-5.7.2.jar;D:\localRep\org\junit\jupiter\junit-jupiter-engine\5.7.2\junit-jupiter-engine-5.7.2.jar;D:\localRep\org\junit\platform\junit-platform-engine\1.7.2\junit-platform-engine-1.7.2.jar;D:\localRep\org\mockito\mockito-core\3.9.0\mockito-core-3.9.0.jar;D:\localRep\net\bytebuddy\byte-buddy\1.10.22\byte-buddy-1.10.22.jar;D:\localRep\net\bytebuddy\byte-buddy-agent\1.10.22\byte-buddy-agent-1.10.22.jar;D:\localRep\org\objenesis\objenesis\3.2\objenesis-3.2.jar;D:\localRep\org\mockito\mockito-junit-jupiter\3.9.0\mockito-junit-jupiter-3.9.0.jar;D:\localRep\org\skyscreamer\jsonassert\1.5.0\jsonassert-1.5.0.jar;D:\localRep\com\vaadin\external\google\android-json\0.0.20131108.vaadin1\android-json-0.0.20131108.vaadin1.jar;D:\localRep\org\springframework\spring-core\5.3.8\spring-core-5.3.8.jar;D:\localRep\org\springframework\spring-jcl\5.3.8\spring-jcl-5.3.8.jar;D:\localRep\org\springframework\spring-test\5.3.8\spring-test-5.3.8.jar;D:\localRep\org\xmlunit\xmlunit-core\2.8.2\xmlunit-core-2.8.2.jar;"/>
    <property name="sun.cpu.endian" value="little"/>
    <property name="user.home" value="C:\Users\xzh"/>
    <property name="user.language" value="zh"/>
    <property name="java.specification.vendor" value="Oracle Corporation"/>
    <property name="java.version.date" value="2021-04-20"/>
    <property name="java.home" value="D:\Program Files\Java\jdk-11.0.11"/>
    <property name="file.separator" value="\"/>
    <property name="basedir" value="D:\写的程序\java项目\springBoot_demo\helloworld"/>
    <property name="java.vm.compressedOopsMode" value="Zero based"/>
    <property name="line.separator" value="&#10;"/>
    <property name="java.specification.name" value="Java Platform API Specification"/>
    <property name="java.vm.specification.vendor" value="Oracle Corporation"/>
    <property name="java.awt.graphicsenv" value="sun.awt.Win32GraphicsEnvironment"/>
    <property name="surefire.real.class.path" value="C:\Users\xzh\AppData\Local\Temp\surefire17816448236033782481\surefirebooter13935020375904132651.jar"/>
    <property name="user.script" value=""/>
    <property name="sun.management.compiler" value="HotSpot 64-Bit Tiered Compilers"/>
    <property name="java.runtime.version" value="11.0.11+9-LTS-194"/>
    <property name="user.name" value="xzh"/>
    <property name="path.separator" value=";"/>
    <property name="os.version" value="10.0"/>
    <property name="java.runtime.name" value="Java(TM) SE Runtime Environment"/>
    <property name="file.encoding" value="GBK"/>
    <property name="java.vm.name" value="Java HotSpot(TM) 64-Bit Server VM"/>
    <property name="java.vendor.version" value="18.9"/>
    <property name="localRepository" value="D:\localRep"/>
    <property name="java.vendor.url.bug" value="https://bugreport.java.com/bugreport/"/>
    <property name="java.io.tmpdir" value="C:\Users\xzh\AppData\Local\Temp\"/>
    <property name="idea.version" value="2021.1.1"/>
    <property name="java.version" value="11.0.11"/>
    <property name="user.dir" value="D:\写的程序\java项目\springBoot_demo\helloworld"/>
    <property name="os.arch" value="amd64"/>
    <property name="java.vm.specification.name" value="Java Virtual Machine Specification"/>
    <property name="java.awt.printerjob" value="sun.awt.windows.WPrinterJob"/>
    <property name="sun.os.patch.level" value=""/>
    <property name="java.library.path" value="D:\Program Files\Java\jdk-11.0.11\bin;C:\Windows\Sun\Java\bin;C:\Windows\system32;C:\Windows;C:\Program Files\NVIDIA GPU Computing Toolkit\CUDA\v11.1\bin;C:\Program Files\NVIDIA GPU Computing Toolkit\CUDA\v11.1\libnvvp;C:\Program Files\Common Files\Oracle\Java\javapath;C:\Windows\system32;C:\Windows;C:\Windows\System32\Wbem;C:\Windows\System32\WindowsPowerShell\v1.0\;C:\Windows\System32\OpenSSH\;C:\Program Files (x86)\NVIDIA Corporation\PhysX\Common;C:\Program Files\NVIDIA Corporation\NVIDIA NvDLISR;D:\Program Files\Java\jdk-11.0.11\bin;D:\Program Files\Java\jdk-11.0.11\jre\bin;C:\Program Files\dotnet\;D:\常用工具\xshell\;D:\常用工具\xftp\;D:\Program Files\Git\cmd;C:\Program Files\NVIDIA Corporation\Nsight Compute 2020.2.1\;C:\Program Files\MySQL\MySQL Server 8.0\bin;D:\Program Files\apache-maven-3.8.1\bin;;D:\Program Files\TortoiseGit\bin;C:\Program Files\Docker\Docker\resources\bin;C:\ProgramData\DockerDesktop\version-bin;C:\Program Files\MySQL\MySQL Shell 8.0\bin\;D:\anaconda;D:\anaconda\Library\mingw-w64\bin;D:\anaconda\Library\usr\bin;D:\anaconda\Library\bin;D:\anaconda\Scripts;C:\Users\xzh\AppData\Local\Microsoft\WindowsApps;C:\Users\xzh\.dotnet\tools;D:\Program Files\JetBrains\PyCharm 2019.2.5\bin;;D:\Program Files\JetBrains\IntelliJ IDEA 2021.1.1\bin;;D:\常用工具\bandizip\;."/>
    <property name="java.vendor" value="Oracle Corporation"/>
    <property name="java.vm.info" value="mixed mode"/>
    <property name="java.vm.version" value="11.0.11+9-LTS-194"/>
    <property name="sun.io.unicode.encoding" value="UnicodeLittle"/>
    <property name="maven.repo.local" value="D:\localRep"/>
    <property name="java.class.version" value="55.0"/>
  </properties>
  <testcase name="contextLoads" classname="com.xu.helloworld.HelloworldApplicationTests" time="0.241"/>
</testsuite>